<?xml version="1.0" encoding="utf-8"?><testsuites name="pytest tests"><testsuite name="pytest" errors="0" failures="0" skipped="0" tests="12" time="1.954" timestamp="2026-05-02T18:01:28.343563+00:00" hostname="agent-env-bff28d21-c223-48fe-b879-d5b66e8a32a3"><testcase classname="backend.tests.test_ganu_denu.TestHealth" name="test_api_root" time="0.309" /><testcase classname="backend.tests.test_ganu_denu.TestTransactions" name="test_get_transactions" time="0.122" /><testcase classname="backend.tests.test_ganu_denu.TestTransactions" name="test_get_transactions_with_month_filter" time="0.120" /><testcase classname="backend.tests.test_ganu_denu.TestTransactions" name="test_create_transaction" time="0.149" /><testcase classname="backend.tests.test_ganu_denu.TestTransactions" name="test_create_income_transaction" time="0.130" /><testcase classname="backend.tests.test_ganu_denu.TestTransactions" name="test_create_sms_transaction" time="0.117" /><testcase classname="backend.tests.test_ganu_denu.TestTransactions" name="test_delete_transaction" time="0.118" /><testcase classname="backend.tests.test_ganu_denu.TestTransactions" name="test_delete_nonexistent_transaction" time="0.161" /><testcase classname="backend.tests.test_ganu_denu.TestStats" name="test_get_stats" time="0.110" /><testcase classname="backend.tests.test_ganu_denu.TestStats" name="test_stats_balance_calculation" time="0.139" /><testcase classname="backend.tests.test_ganu_denu.TestTrends" name="test_get_trends" time="0.146" /><testcase classname="backend.tests.test_ganu_denu.TestSeed" name="test_seed_data" time="0.112" /></testsuite></testsuites>